  [4;36;1mSQL (0.1ms)[0m   [0;1mSET NAMES 'utf8'[0m
  [4;35;1mSQL (0.1ms)[0m   [0mSET SQL_AUTO_IS_NULL=0[0m
  [4;36;1mSQL (0.2ms)[0m   [0;1mSHOW TABLES[0m
  [4;35;1mSQL (30.0ms)[0m   [0mCREATE TABLE `schema_migrations` (`version` varchar(255) NOT NULL) ENGINE=InnoDB[0m
  [4;36;1mSQL (46.6ms)[0m   [0;1mCREATE UNIQUE INDEX `unique_schema_migrations` ON `schema_migrations` (`version`)[0m
  [4;35;1mSQL (0.3ms)[0m   [0mSHOW TABLES[0m
  [4;36;1mSQL (0.2ms)[0m   [0;1mSELECT version FROM schema_migrations[0m
Migrating to CreateUsers (20091126160236)
  [4;35;1mSQL (19.2ms)[0m   [0mCREATE TABLE `users` (`id` int(11) DEFAULT NULL auto_increment PRIMARY KEY, `login` varchar(255) NOT NULL, `email` varchar(255) NOT NULL, `crypted_password` varchar(255) NOT NULL, `password_salt` varchar(255) NOT NULL, `created_at` datetime, `updated_at` datetime) ENGINE=InnoDB[0m
  [4;36;1mSQL (0.5ms)[0m   [0;1mINSERT INTO schema_migrations (version) VALUES ('20091126160236')[0m
  [4;35;1mSQL (0.3ms)[0m   [0mSHOW TABLES[0m
  [4;36;1mSQL (0.2ms)[0m   [0;1mSELECT version FROM schema_migrations[0m
  [4;35;1mSQL (0.1ms)[0m   [0mSHOW TABLES[0m
  [4;36;1mSQL (0.8ms)[0m   [0;1mSHOW FIELDS FROM `users`[0m
  [4;35;1mSQL (0.8ms)[0m   [0mdescribe `users`[0m
  [4;36;1mSQL (0.4ms)[0m   [0;1mSHOW KEYS FROM `users`[0m
  [4;36;1mSQL (0.2ms)[0m   [0;1mSET NAMES 'utf8'[0m
  [4;35;1mSQL (0.1ms)[0m   [0mSET SQL_AUTO_IS_NULL=0[0m
  [4;36;1mSQL (0.3ms)[0m   [0;1mSHOW TABLES[0m
  [4;35;1mSQL (46.8ms)[0m   [0mCREATE TABLE `schema_migrations` (`version` varchar(255) NOT NULL) ENGINE=InnoDB[0m
  [4;36;1mSQL (13.8ms)[0m   [0;1mCREATE UNIQUE INDEX `unique_schema_migrations` ON `schema_migrations` (`version`)[0m
  [4;35;1mSQL (0.3ms)[0m   [0mSHOW TABLES[0m
  [4;36;1mSQL (0.3ms)[0m   [0;1mSELECT version FROM schema_migrations[0m
Migrating to CreateUsers (20091126160236)
  [4;35;1mSQL (16.9ms)[0m   [0mCREATE TABLE `users` (`id` int(11) DEFAULT NULL auto_increment PRIMARY KEY, `login` varchar(255) NOT NULL, `email` varchar(255) NOT NULL, `crypted_password` varchar(255) NOT NULL, `password_salt` varchar(255) NOT NULL, `created_at` datetime, `updated_at` datetime) ENGINE=InnoDB[0m
  [4;36;1mSQL (0.5ms)[0m   [0;1mINSERT INTO schema_migrations (version) VALUES ('20091126160236')[0m
  [4;35;1mSQL (0.3ms)[0m   [0mSHOW TABLES[0m
  [4;36;1mSQL (0.1ms)[0m   [0;1mSELECT version FROM schema_migrations[0m
  [4;35;1mSQL (0.1ms)[0m   [0mSHOW TABLES[0m
  [4;36;1mSQL (1.0ms)[0m   [0;1mSHOW FIELDS FROM `users`[0m
  [4;35;1mSQL (0.8ms)[0m   [0mdescribe `users`[0m
  [4;36;1mSQL (0.2ms)[0m   [0;1mSHOW KEYS FROM `users`[0m
  [4;36;1mSQL (0.1ms)[0m   [0;1mSET NAMES 'utf8'[0m
  [4;35;1mSQL (0.1ms)[0m   [0mSET SQL_AUTO_IS_NULL=0[0m


Processing UsersController#new (for 130.79.7.1 at 2009-12-03 15:55:14) [GET]
  Parameters: {"action"=>"new", "controller"=>"users"}
  [4;36;1mUser Columns (0.9ms)[0m   [0;1mSHOW FIELDS FROM `users`[0m
Rendering users/new
Rendered users/_form (3.8ms)
Completed in 71ms (View: 43, DB: 1) | 200 OK [http://codd.u-strasbg.fr/account/new]
  [4;35;1mSQL (0.1ms)[0m   [0mSET NAMES 'utf8'[0m
  [4;36;1mSQL (0.1ms)[0m   [0;1mSET SQL_AUTO_IS_NULL=0[0m


Processing UsersController#new (for 130.79.7.1 at 2009-12-03 15:55:39) [GET]
  Parameters: {"action"=>"new", "controller"=>"users"}
  [4;35;1mUser Columns (0.9ms)[0m   [0mSHOW FIELDS FROM `users`[0m
Rendering users/new
Rendered users/_form (1.4ms)
Completed in 36ms (View: 6, DB: 1) | 200 OK [http://codd.u-strasbg.fr/account/new]
  [4;36;1mSQL (0.1ms)[0m   [0;1mSET NAMES 'utf8'[0m
  [4;35;1mSQL (0.1ms)[0m   [0mSET SQL_AUTO_IS_NULL=0[0m


Processing UsersController#create (for 130.79.7.1 at 2009-12-03 15:55:51) [POST]
  Parameters: {"commit"=>"Register", "action"=>"create", "authenticity_token"=>"pRanQZhOUb3+dV1JNQmOjbjFsRD0h6h2Ps56e09/eyc=", "controller"=>"users", "user"=>{"password_confirmation"=>"[FILTERED]", "password"=>"[FILTERED]", "login"=>"Angus"}}
  [4;36;1mUser Columns (1.1ms)[0m   [0;1mSHOW FIELDS FROM `users`[0m

NoMethodError (undefined method `persistence_token=' for #<User:0xb6aaf4cc>):
  authlogic (2.1.3) lib/authlogic/acts_as_authentic/persistence_token.rb:50:in `reset_persistence_token'
  authlogic (2.1.3) lib/authlogic/acts_as_authentic/password.rb:188:in `after_password_set'
  authlogic (2.1.3) lib/authlogic/acts_as_authentic/password.rb:231:in `password='
  app/controllers/users_controller.rb:10:in `new'
  app/controllers/users_controller.rb:10:in `create'
  /usr/lib/ruby/1.8/webrick/httpserver.rb:104:in `service'
  /usr/lib/ruby/1.8/webrick/httpserver.rb:65:in `run'
  /usr/lib/ruby/1.8/webrick/server.rb:173:in `start_thread'
  /usr/lib/ruby/1.8/webrick/server.rb:162:in `start'
  /usr/lib/ruby/1.8/webrick/server.rb:162:in `start_thread'
  /usr/lib/ruby/1.8/webrick/server.rb:95:in `start'
  /usr/lib/ruby/1.8/webrick/server.rb:92:in `each'
  /usr/lib/ruby/1.8/webrick/server.rb:92:in `start'
  /usr/lib/ruby/1.8/webrick/server.rb:23:in `start'
  /usr/lib/ruby/1.8/webrick/server.rb:82:in `start'

Rendered rescues/_trace (36.9ms)
Rendered rescues/_request_and_response (1.3ms)
Rendering rescues/layout (internal_server_error)
  [4;35;1mSQL (0.1ms)[0m   [0mSET NAMES 'utf8'[0m
  [4;36;1mSQL (0.1ms)[0m   [0;1mSET SQL_AUTO_IS_NULL=0[0m


Processing UsersController#create (for 130.79.7.1 at 2009-12-03 15:57:21) [POST]
  Parameters: {"commit"=>"Register", "action"=>"create", "authenticity_token"=>"pRanQZhOUb3+dV1JNQmOjbjFsRD0h6h2Ps56e09/eyc=", "controller"=>"users", "user"=>{"password_confirmation"=>"[FILTERED]", "password"=>"[FILTERED]", "login"=>"Angus"}}
  [4;35;1mUser Columns (0.9ms)[0m   [0mSHOW FIELDS FROM `users`[0m

NoMethodError (undefined method `persistence_token=' for #<User:0xb70b93a4>):
  authlogic (2.1.3) lib/authlogic/acts_as_authentic/persistence_token.rb:50:in `reset_persistence_token'
  authlogic (2.1.3) lib/authlogic/acts_as_authentic/password.rb:188:in `after_password_set'
  authlogic (2.1.3) lib/authlogic/acts_as_authentic/password.rb:231:in `password='
  app/controllers/users_controller.rb:10:in `new'
  app/controllers/users_controller.rb:10:in `create'
  /usr/lib/ruby/1.8/webrick/httpserver.rb:104:in `service'
  /usr/lib/ruby/1.8/webrick/httpserver.rb:65:in `run'
  /usr/lib/ruby/1.8/webrick/server.rb:173:in `start_thread'
  /usr/lib/ruby/1.8/webrick/server.rb:162:in `start'
  /usr/lib/ruby/1.8/webrick/server.rb:162:in `start_thread'
  /usr/lib/ruby/1.8/webrick/server.rb:95:in `start'
  /usr/lib/ruby/1.8/webrick/server.rb:92:in `each'
  /usr/lib/ruby/1.8/webrick/server.rb:92:in `start'
  /usr/lib/ruby/1.8/webrick/server.rb:23:in `start'
  /usr/lib/ruby/1.8/webrick/server.rb:82:in `start'

Rendered rescues/_trace (88.4ms)
Rendered rescues/_request_and_response (0.4ms)
Rendering rescues/layout (internal_server_error)
  [4;36;1mSQL (0.1ms)[0m   [0;1mSET NAMES 'utf8'[0m
  [4;35;1mSQL (0.1ms)[0m   [0mSET SQL_AUTO_IS_NULL=0[0m
  [4;36;1mSQL (0.3ms)[0m   [0;1mSHOW TABLES[0m
  [4;35;1mSQL (10.8ms)[0m   [0mCREATE TABLE `schema_migrations` (`version` varchar(255) NOT NULL) ENGINE=InnoDB[0m
  [4;36;1mSQL (35.1ms)[0m   [0;1mCREATE UNIQUE INDEX `unique_schema_migrations` ON `schema_migrations` (`version`)[0m
  [4;35;1mSQL (0.3ms)[0m   [0mSHOW TABLES[0m
  [4;36;1mSQL (0.3ms)[0m   [0;1mSELECT version FROM schema_migrations[0m
Migrating to CreateUsers (20091126160236)
  [4;35;1mSQL (18.4ms)[0m   [0mCREATE TABLE `users` (`id` int(11) DEFAULT NULL auto_increment PRIMARY KEY, `login` varchar(255) NOT NULL, `email` varchar(255) NOT NULL, `crypted_password` varchar(255) NOT NULL, `password_salt` varchar(255) NOT NULL, `persistence_token` varchar(255) NOT NULL, `single_access_token` varchar(255) NOT NULL, `perishable_token` varchar(255) NOT NULL, `login_count` int(11) DEFAULT 0 NOT NULL, `failed_login_count` int(11) DEFAULT 0 NOT NULL, `last_request_at` datetime, `current_login_at` datetime, `last_login_at` datetime, `current_login_ip` varchar(255), `last_login_ip` varchar(255), `created_at` datetime, `updated_at` datetime) ENGINE=InnoDB[0m
  [4;36;1mSQL (30.5ms)[0m   [0;1mINSERT INTO schema_migrations (version) VALUES ('20091126160236')[0m
  [4;35;1mSQL (0.3ms)[0m   [0mSHOW TABLES[0m
  [4;36;1mSQL (0.1ms)[0m   [0;1mSELECT version FROM schema_migrations[0m
  [4;35;1mSQL (0.1ms)[0m   [0mSHOW TABLES[0m
  [4;36;1mSQL (1.3ms)[0m   [0;1mSHOW FIELDS FROM `users`[0m
  [4;35;1mSQL (1.1ms)[0m   [0mdescribe `users`[0m
  [4;36;1mSQL (0.2ms)[0m   [0;1mSHOW KEYS FROM `users`[0m
  [4;36;1mSQL (0.1ms)[0m   [0;1mSET NAMES 'utf8'[0m
  [4;35;1mSQL (0.1ms)[0m   [0mSET SQL_AUTO_IS_NULL=0[0m


Processing UsersController#new (for 130.79.7.1 at 2009-12-03 16:00:32) [GET]
  Parameters: {"action"=>"new", "controller"=>"users"}
  [4;36;1mUser Columns (1.2ms)[0m   [0;1mSHOW FIELDS FROM `users`[0m
Rendering users/new
Rendered users/_form (2.7ms)
Completed in 51ms (View: 34, DB: 1) | 200 OK [http://codd.u-strasbg.fr/account/new]
  [4;35;1mSQL (0.1ms)[0m   [0mSET NAMES 'utf8'[0m
  [4;36;1mSQL (0.1ms)[0m   [0;1mSET SQL_AUTO_IS_NULL=0[0m


Processing UsersController#create (for 130.79.7.1 at 2009-12-03 16:00:45) [POST]
  Parameters: {"commit"=>"Register", "action"=>"create", "authenticity_token"=>"pRanQZhOUb3+dV1JNQmOjbjFsRD0h6h2Ps56e09/eyc=", "controller"=>"users", "user"=>{"password_confirmation"=>"[FILTERED]", "password"=>"[FILTERED]", "login"=>"Angus"}}
  [4;35;1mUser Columns (1.2ms)[0m   [0mSHOW FIELDS FROM `users`[0m
  [4;36;1mSQL (0.1ms)[0m   [0;1mBEGIN[0m
  [4;35;1mUser Load (0.3ms)[0m   [0mSELECT `users`.id FROM `users` WHERE (LOWER(`users`.`login`) = BINARY 'angus') LIMIT 1[0m
  [4;36;1mUser Load (0.2ms)[0m   [0;1mSELECT `users`.id FROM `users` WHERE (`users`.`persistence_token` = BINARY '4e471419d688b03fb6af147cdf678e005a5bcfe58520baba601722b97a7f8f521147154a18c18ec0e496a8dcf76d2d8d01c3beeec47a8943a7d7cf01a088276e') LIMIT 1[0m
  [4;35;1mUser Load (0.1ms)[0m   [0mSELECT `users`.id FROM `users` WHERE (`users`.`single_access_token` = BINARY 'hMSEMfXHXMlhg6f6uEw-') LIMIT 1[0m
  [4;36;1mSQL (0.1ms)[0m   [0;1mROLLBACK[0m
Rendering users/new
Rendered users/_form (1.6ms)
Completed in 195ms (View: 8, DB: 2) | 200 OK [http://codd.u-strasbg.fr/account]
  [4;36;1mSQL (0.1ms)[0m   [0;1mSET NAMES 'utf8'[0m
  [4;35;1mSQL (0.1ms)[0m   [0mSET SQL_AUTO_IS_NULL=0[0m
  [4;36;1mSQL (0.3ms)[0m   [0;1mSHOW TABLES[0m
  [4;35;1mSQL (19.3ms)[0m   [0mCREATE TABLE `schema_migrations` (`version` varchar(255) NOT NULL) ENGINE=InnoDB[0m
  [4;36;1mSQL (30.9ms)[0m   [0;1mCREATE UNIQUE INDEX `unique_schema_migrations` ON `schema_migrations` (`version`)[0m
  [4;35;1mSQL (0.3ms)[0m   [0mSHOW TABLES[0m
  [4;36;1mSQL (0.3ms)[0m   [0;1mSELECT version FROM schema_migrations[0m
Migrating to CreateUsers (20091126160236)
  [4;35;1mSQL (15.0ms)[0m   [0mCREATE TABLE `users` (`id` int(11) DEFAULT NULL auto_increment PRIMARY KEY, `login` varchar(255) NOT NULL, `email` varchar(255) NOT NULL, `crypted_password` varchar(255) NOT NULL, `password_salt` varchar(255) NOT NULL, `persistence_token` varchar(255) NOT NULL, `single_access_token` varchar(255) NOT NULL, `perishable_token` varchar(255) NOT NULL, `login_count` int(11) DEFAULT 0 NOT NULL, `failed_login_count` int(11) DEFAULT 0 NOT NULL, `last_request_at` datetime, `current_login_at` datetime, `last_login_at` datetime, `current_login_ip` varchar(255), `last_login_ip` varchar(255), `created_at` datetime, `updated_at` datetime) ENGINE=InnoDB[0m
  [4;36;1mSQL (0.5ms)[0m   [0;1mINSERT INTO schema_migrations (version) VALUES ('20091126160236')[0m
  [4;35;1mSQL (0.3ms)[0m   [0mSHOW TABLES[0m
  [4;36;1mSQL (0.1ms)[0m   [0;1mSELECT version FROM schema_migrations[0m
  [4;35;1mSQL (0.1ms)[0m   [0mSHOW TABLES[0m
  [4;36;1mSQL (1.3ms)[0m   [0;1mSHOW FIELDS FROM `users`[0m
  [4;35;1mSQL (1.1ms)[0m   [0mdescribe `users`[0m
  [4;36;1mSQL (0.2ms)[0m   [0;1mSHOW KEYS FROM `users`[0m
  [4;36;1mSQL (0.2ms)[0m   [0;1mSET NAMES 'utf8'[0m
  [4;35;1mSQL (0.1ms)[0m   [0mSET SQL_AUTO_IS_NULL=0[0m


Processing UsersController#create (for 130.79.7.1 at 2009-12-03 16:03:29) [POST]
  Parameters: {"commit"=>"Register", "action"=>"create", "authenticity_token"=>"pRanQZhOUb3+dV1JNQmOjbjFsRD0h6h2Ps56e09/eyc=", "controller"=>"users", "user"=>{"password_confirmation"=>"[FILTERED]", "password"=>"[FILTERED]", "login"=>"Angus"}}
  [4;36;1mUser Columns (1.5ms)[0m   [0;1mSHOW FIELDS FROM `users`[0m
  [4;35;1mSQL (0.1ms)[0m   [0mBEGIN[0m
  [4;36;1mUser Load (0.3ms)[0m   [0;1mSELECT `users`.id FROM `users` WHERE (LOWER(`users`.`login`) = BINARY 'angus') LIMIT 1[0m
  [4;35;1mUser Load (0.2ms)[0m   [0mSELECT `users`.id FROM `users` WHERE (`users`.`persistence_token` = BINARY '4a5af55bf49512ffb1960e22ee12f372095e698486ae2d74ff7e4dccd58615908efa8583b246af2868085dfe5ec755a97f198e39c72038d99eac9776f597c7e1') LIMIT 1[0m
  [4;36;1mUser Load (0.1ms)[0m   [0;1mSELECT `users`.id FROM `users` WHERE (`users`.`single_access_token` = BINARY '7ULEshCRLb0XAwZOUAcm') LIMIT 1[0m
  [4;35;1mSQL (0.1ms)[0m   [0mROLLBACK[0m
Rendering users/new
Rendered users/_form (21.3ms)
Completed in 227ms (View: 38, DB: 3) | 200 OK [http://codd.u-strasbg.fr/account]
  [4;36;1mSQL (0.1ms)[0m   [0;1mSET NAMES 'utf8'[0m
  [4;35;1mSQL (0.1ms)[0m   [0mSET SQL_AUTO_IS_NULL=0[0m


Processing UsersController#create (for 130.79.7.1 at 2009-12-03 16:03:44) [POST]
  Parameters: {"commit"=>"Register", "action"=>"create", "authenticity_token"=>"pRanQZhOUb3+dV1JNQmOjbjFsRD0h6h2Ps56e09/eyc=", "controller"=>"users", "user"=>{"password_confirmation"=>"[FILTERED]", "password"=>"[FILTERED]", "login"=>"Angus", "email"=>"ncronimus@coop-alsace.fr"}}
  [4;36;1mUser Columns (1.2ms)[0m   [0;1mSHOW FIELDS FROM `users`[0m
  [4;35;1mSQL (0.1ms)[0m   [0mBEGIN[0m
  [4;36;1mUser Load (0.2ms)[0m   [0;1mSELECT `users`.id FROM `users` WHERE (LOWER(`users`.`email`) = BINARY 'ncronimus@coop-alsace.fr') LIMIT 1[0m
  [4;35;1mUser Load (0.1ms)[0m   [0mSELECT `users`.id FROM `users` WHERE (LOWER(`users`.`login`) = BINARY 'angus') LIMIT 1[0m
  [4;36;1mUser Load (0.1ms)[0m   [0;1mSELECT `users`.id FROM `users` WHERE (`users`.`persistence_token` = BINARY '7a15e667eec9ceee9b0a76361cc8bbd660ef987a4aff5966ae50727c710f46379a7ed04a05690185fa05bab096bc70d102276ab5d5786db94bc4285047551ac2') LIMIT 1[0m
  [4;35;1mUser Load (0.1ms)[0m   [0mSELECT `users`.id FROM `users` WHERE (`users`.`single_access_token` = BINARY 'JJoT3QKA_t0rwJwNh7yx') LIMIT 1[0m
  [4;36;1mUser Create (0.3ms)[0m   [0;1mINSERT INTO `users` (`single_access_token`, `last_request_at`, `created_at`, `crypted_password`, `perishable_token`, `updated_at`, `failed_login_count`, `current_login_ip`, `password_salt`, `current_login_at`, `persistence_token`, `login_count`, `last_login_ip`, `login`, `last_login_at`, `email`) VALUES('JJoT3QKA_t0rwJwNh7yx', '2009-12-03 15:03:44', '2009-12-03 15:03:44', '65119120732cd3f844b79162b9fc9241551c2d28e4553745ba7795d841da3e695bb37d47c189a1c9c9c42a8952c23c6413403e96a15864c1e63ef2a13b2a7d6e', 'zALg7lrjuhj_kyxO6XRS', '2009-12-03 15:03:44', 0, '130.79.7.1', '0TRfd7voAKL1hob7QbeF', '2009-12-03 15:03:44', '7a15e667eec9ceee9b0a76361cc8bbd660ef987a4aff5966ae50727c710f46379a7ed04a05690185fa05bab096bc70d102276ab5d5786db94bc4285047551ac2', 1, NULL, 'Angus', NULL, 'ncronimus@coop-alsace.fr')[0m
  [4;35;1mSQL (0.7ms)[0m   [0mCOMMIT[0m
Redirected to http://codd.u-strasbg.fr:3055/account
Completed in 140ms (DB: 3) | 302 Found [http://codd.u-strasbg.fr/account]
  [4;36;1mSQL (0.1ms)[0m   [0;1mSET NAMES 'utf8'[0m
  [4;35;1mSQL (0.1ms)[0m   [0mSET SQL_AUTO_IS_NULL=0[0m


Processing UsersController#show (for 130.79.7.1 at 2009-12-03 16:03:44) [GET]
  Parameters: {"action"=>"show", "controller"=>"users"}
  [4;36;1mUser Columns (1.2ms)[0m   [0;1mSHOW FIELDS FROM `users`[0m
  [4;35;1mUser Load (0.3ms)[0m   [0mSELECT * FROM `users` WHERE (`users`.`persistence_token` = '7a15e667eec9ceee9b0a76361cc8bbd660ef987a4aff5966ae50727c710f46379a7ed04a05690185fa05bab096bc70d102276ab5d5786db94bc4285047551ac2') LIMIT 1[0m
  [4;36;1mSQL (0.1ms)[0m   [0;1mBEGIN[0m
  [4;35;1mUser Update (0.3ms)[0m   [0mUPDATE `users` SET `updated_at` = '2009-12-03 15:03:45', `perishable_token` = 'UUdM3MZVf_b8QnfEEMGQ', `last_request_at` = '2009-12-03 15:03:45' WHERE `id` = 1[0m
  [4;36;1mSQL (14.6ms)[0m   [0;1mCOMMIT[0m
Rendering users/show
Completed in 51ms (View: 6, DB: 17) | 200 OK [http://codd.u-strasbg.fr/account]
  [4;35;1mSQL (0.1ms)[0m   [0mSET NAMES 'utf8'[0m
  [4;36;1mSQL (0.1ms)[0m   [0;1mSET SQL_AUTO_IS_NULL=0[0m


Processing UsersController#edit (for 130.79.7.1 at 2009-12-03 16:29:39) [GET]
  Parameters: {"action"=>"edit", "controller"=>"users"}
  [4;35;1mUser Columns (1.2ms)[0m   [0mSHOW FIELDS FROM `users`[0m
  [4;36;1mUser Load (14.3ms)[0m   [0;1mSELECT * FROM `users` WHERE (`users`.`persistence_token` = '7a15e667eec9ceee9b0a76361cc8bbd660ef987a4aff5966ae50727c710f46379a7ed04a05690185fa05bab096bc70d102276ab5d5786db94bc4285047551ac2') LIMIT 1[0m
  [4;35;1mSQL (0.1ms)[0m   [0mBEGIN[0m
  [4;36;1mUser Update (0.3ms)[0m   [0;1mUPDATE `users` SET `updated_at` = '2009-12-03 15:29:39', `perishable_token` = 'VsF0_Rbluhsz_dlD5SlG', `last_request_at` = '2009-12-03 15:29:39' WHERE `id` = 1[0m
  [4;35;1mSQL (20.7ms)[0m   [0mCOMMIT[0m
Rendering users/edit
Rendered users/_form (2.0ms)
Completed in 134ms (View: 11, DB: 37) | 200 OK [http://codd.u-strasbg.fr/account/edit]
  [4;36;1mSQL (0.1ms)[0m   [0;1mSET NAMES 'utf8'[0m
  [4;35;1mSQL (0.1ms)[0m   [0mSET SQL_AUTO_IS_NULL=0[0m


Processing UsersController#show (for 130.79.7.1 at 2009-12-03 16:31:11) [GET]
  Parameters: {"action"=>"show", "controller"=>"users"}
  [4;36;1mUser Columns (1.2ms)[0m   [0;1mSHOW FIELDS FROM `users`[0m
  [4;35;1mUser Load (0.3ms)[0m   [0mSELECT * FROM `users` WHERE (`users`.`persistence_token` = '7a15e667eec9ceee9b0a76361cc8bbd660ef987a4aff5966ae50727c710f46379a7ed04a05690185fa05bab096bc70d102276ab5d5786db94bc4285047551ac2') LIMIT 1[0m
  [4;36;1mSQL (0.1ms)[0m   [0;1mBEGIN[0m
  [4;35;1mUser Update (0.3ms)[0m   [0mUPDATE `users` SET `updated_at` = '2009-12-03 15:31:12', `perishable_token` = 'vfQqA749glKdcQan3NMC', `last_request_at` = '2009-12-03 15:31:12' WHERE `id` = 1[0m
  [4;36;1mSQL (0.5ms)[0m   [0;1mCOMMIT[0m
Rendering users/show
Completed in 29ms (View: 2, DB: 3) | 200 OK [http://codd.u-strasbg.fr/account]
  [4;35;1mSQL (0.1ms)[0m   [0mSET NAMES 'utf8'[0m
  [4;36;1mSQL (0.0ms)[0m   [0;1mSET SQL_AUTO_IS_NULL=0[0m


Processing UsersController#edit (for 130.79.7.1 at 2009-12-03 16:31:21) [GET]
  Parameters: {"action"=>"edit", "controller"=>"users"}
  [4;35;1mUser Columns (1.2ms)[0m   [0mSHOW FIELDS FROM `users`[0m
  [4;36;1mUser Load (0.4ms)[0m   [0;1mSELECT * FROM `users` WHERE (`users`.`persistence_token` = '7a15e667eec9ceee9b0a76361cc8bbd660ef987a4aff5966ae50727c710f46379a7ed04a05690185fa05bab096bc70d102276ab5d5786db94bc4285047551ac2') LIMIT 1[0m
  [4;35;1mSQL (0.1ms)[0m   [0mBEGIN[0m
  [4;36;1mUser Update (0.3ms)[0m   [0;1mUPDATE `users` SET `updated_at` = '2009-12-03 15:31:21', `perishable_token` = '5xAKmd36CucFnKkskdRw', `last_request_at` = '2009-12-03 15:31:21' WHERE `id` = 1[0m
  [4;35;1mSQL (0.6ms)[0m   [0mCOMMIT[0m
Rendering users/edit
Rendered users/_form (1.8ms)
Completed in 25ms (View: 5, DB: 3) | 200 OK [http://codd.u-strasbg.fr/account/edit]
  [4;36;1mSQL (0.1ms)[0m   [0;1mSET NAMES 'utf8'[0m
  [4;35;1mSQL (0.0ms)[0m   [0mSET SQL_AUTO_IS_NULL=0[0m


Processing UsersController#update (for 130.79.7.1 at 2009-12-03 16:32:51) [PUT]
  Parameters: {"commit"=>"Update", "action"=>"update", "_method"=>"put", "authenticity_token"=>"pRanQZhOUb3+dV1JNQmOjbjFsRD0h6h2Ps56e09/eyc=", "controller"=>"users", "user"=>{"password_confirmation"=>"[FILTERED]", "password"=>"[FILTERED]", "login"=>"Angus", "email"=>"ncronimus@coop-alsace.fr"}}
  [4;36;1mUser Columns (1.2ms)[0m   [0;1mSHOW FIELDS FROM `users`[0m
  [4;35;1mUser Load (0.3ms)[0m   [0mSELECT * FROM `users` WHERE (`users`.`persistence_token` = '7a15e667eec9ceee9b0a76361cc8bbd660ef987a4aff5966ae50727c710f46379a7ed04a05690185fa05bab096bc70d102276ab5d5786db94bc4285047551ac2') LIMIT 1[0m
  [4;36;1mSQL (0.1ms)[0m   [0;1mBEGIN[0m
  [4;35;1mUser Update (0.3ms)[0m   [0mUPDATE `users` SET `updated_at` = '2009-12-03 15:32:51', `perishable_token` = 'hIbQPsxTLFo9_adasN-d', `last_request_at` = '2009-12-03 15:32:51' WHERE `id` = 1[0m
  [4;36;1mSQL (0.7ms)[0m   [0;1mCOMMIT[0m
  [4;35;1mSQL (0.1ms)[0m   [0mBEGIN[0m
  [4;36;1mUser Load (12.6ms)[0m   [0;1mSELECT `users`.id FROM `users` WHERE (`users`.`persistence_token` = BINARY '3499ab351a5accb71fa5149375be765f5ca7abb3402d8df900c600674ef8da48fd9c4cdc70d2d640f66ae7cc1a07aca866a2bda939ec3c369ac7a47296dce9f6' AND `users`.id <> 1) LIMIT 1[0m
  [4;35;1mUser Load (0.3ms)[0m   [0mSELECT * FROM `users` WHERE (`users`.`persistence_token` = '7a15e667eec9ceee9b0a76361cc8bbd660ef987a4aff5966ae50727c710f46379a7ed04a05690185fa05bab096bc70d102276ab5d5786db94bc4285047551ac2') LIMIT 1[0m
  [4;36;1mUser Update (0.4ms)[0m   [0;1mUPDATE `users` SET `updated_at` = '2009-12-03 15:32:51', `crypted_password` = 'a2a5ad3bdd109bc3629fcd54dc0897916d66379105a47286de2c32a1d85f7fb3ad3d16abaf954bc75a6fe0dcbb39f338afe09b7d0d8022eb9e42e51e70703c10', `perishable_token` = 'CtnwJkUNFCfvoTCjKgpp', `last_login_at` = '2009-12-03 15:03:44', `last_login_ip` = '130.79.7.1', `current_login_at` = '2009-12-03 15:32:51', `password_salt` = '1gbzVT2eSnPVRDcsYUKX', `login_count` = 2, `persistence_token` = '3499ab351a5accb71fa5149375be765f5ca7abb3402d8df900c600674ef8da48fd9c4cdc70d2d640f66ae7cc1a07aca866a2bda939ec3c369ac7a47296dce9f6', `last_request_at` = '2009-12-03 15:32:51' WHERE `id` = 1[0m
  [4;35;1mSQL (0.5ms)[0m   [0mCOMMIT[0m
Redirected to http://codd.u-strasbg.fr:3055/account
Completed in 50ms (DB: 17) | 302 Found [http://codd.u-strasbg.fr/account]
  [4;36;1mSQL (0.1ms)[0m   [0;1mSET NAMES 'utf8'[0m
  [4;35;1mSQL (0.1ms)[0m   [0mSET SQL_AUTO_IS_NULL=0[0m


Processing UsersController#show (for 130.79.7.1 at 2009-12-03 16:32:52) [GET]
  Parameters: {"action"=>"show", "controller"=>"users"}
  [4;36;1mUser Columns (1.2ms)[0m   [0;1mSHOW FIELDS FROM `users`[0m
  [4;35;1mUser Load (0.3ms)[0m   [0mSELECT * FROM `users` WHERE (`users`.`id` = '1') LIMIT 1[0m
  [4;36;1mSQL (0.1ms)[0m   [0;1mBEGIN[0m
  [4;35;1mUser Update (0.3ms)[0m   [0mUPDATE `users` SET `updated_at` = '2009-12-03 15:32:52', `perishable_token` = 'g6SnN7Dt1Xa--m2n3An5', `last_request_at` = '2009-12-03 15:32:52' WHERE `id` = 1[0m
  [4;36;1mSQL (6.7ms)[0m   [0;1mCOMMIT[0m
Rendering users/show
Completed in 32ms (View: 2, DB: 9) | 200 OK [http://codd.u-strasbg.fr/account]
  [4;35;1mSQL (0.1ms)[0m   [0mSET NAMES 'utf8'[0m
  [4;36;1mSQL (0.0ms)[0m   [0;1mSET SQL_AUTO_IS_NULL=0[0m


Processing UsersController#edit (for 130.79.7.1 at 2009-12-03 16:32:54) [GET]
  Parameters: {"action"=>"edit", "controller"=>"users"}
  [4;35;1mUser Columns (1.2ms)[0m   [0mSHOW FIELDS FROM `users`[0m
  [4;36;1mUser Load (0.4ms)[0m   [0;1mSELECT * FROM `users` WHERE (`users`.`id` = '1') LIMIT 1[0m
  [4;35;1mSQL (0.1ms)[0m   [0mBEGIN[0m
  [4;36;1mUser Update (0.3ms)[0m   [0;1mUPDATE `users` SET `updated_at` = '2009-12-03 15:32:54', `perishable_token` = '_e7oldSs9lhAIqhIHV4I', `last_request_at` = '2009-12-03 15:32:54' WHERE `id` = 1[0m
  [4;35;1mSQL (0.6ms)[0m   [0mCOMMIT[0m
Rendering users/edit
Rendered users/_form (2.0ms)
Completed in 101ms (View: 6, DB: 3) | 200 OK [http://codd.u-strasbg.fr/account/edit]
  [4;36;1mSQL (0.1ms)[0m   [0;1mSET NAMES 'utf8'[0m
  [4;35;1mSQL (0.1ms)[0m   [0mSET SQL_AUTO_IS_NULL=0[0m
  [4;36;1mSQL (0.3ms)[0m   [0;1mSHOW TABLES[0m
  [4;35;1mSQL (0.2ms)[0m   [0mSELECT version FROM schema_migrations[0m
Migrating to CreateUsers (20091126160236)
  [4;36;1mSQL (0.3ms)[0m   [0;1mSHOW TABLES[0m
  [4;35;1mSQL (0.1ms)[0m   [0mSELECT version FROM schema_migrations[0m
  [4;36;1mSQL (0.1ms)[0m   [0;1mSHOW TABLES[0m
  [4;35;1mSQL (1.1ms)[0m   [0mSHOW FIELDS FROM `users`[0m
  [4;36;1mSQL (1.1ms)[0m   [0;1mdescribe `users`[0m
  [4;35;1mSQL (0.5ms)[0m   [0mSHOW KEYS FROM `users`[0m
  [4;36;1mSQL (0.2ms)[0m   [0;1mSET NAMES 'utf8'[0m
  [4;35;1mSQL (0.1ms)[0m   [0mSET SQL_AUTO_IS_NULL=0[0m


Processing UsersController#1 (for 130.79.7.1 at 2009-12-10 14:28:18) [GET]
  Parameters: {"action"=>"1", "controller"=>"users"}

ActionController::UnknownAction (No action responded to 1. Actions: create, edit, new, show, and update):
  /usr/lib/ruby/1.8/webrick/httpserver.rb:104:in `service'
  /usr/lib/ruby/1.8/webrick/httpserver.rb:65:in `run'
  /usr/lib/ruby/1.8/webrick/server.rb:173:in `start_thread'
  /usr/lib/ruby/1.8/webrick/server.rb:162:in `start'
  /usr/lib/ruby/1.8/webrick/server.rb:162:in `start_thread'
  /usr/lib/ruby/1.8/webrick/server.rb:95:in `start'
  /usr/lib/ruby/1.8/webrick/server.rb:92:in `each'
  /usr/lib/ruby/1.8/webrick/server.rb:92:in `start'
  /usr/lib/ruby/1.8/webrick/server.rb:23:in `start'
  /usr/lib/ruby/1.8/webrick/server.rb:82:in `start'

Rendering rescues/layout (not_found)
  [4;36;1mSQL (0.1ms)[0m   [0;1mSET NAMES 'utf8'[0m
  [4;35;1mSQL (0.1ms)[0m   [0mSET SQL_AUTO_IS_NULL=0[0m


Processing ApplicationController#index (for 130.79.7.1 at 2009-12-10 14:28:30) [GET]

ActionController::RoutingError (No route matches "/account/new" with {:method=>:get}):
  /usr/lib/ruby/1.8/webrick/httpserver.rb:104:in `service'
  /usr/lib/ruby/1.8/webrick/httpserver.rb:65:in `run'
  /usr/lib/ruby/1.8/webrick/server.rb:173:in `start_thread'
  /usr/lib/ruby/1.8/webrick/server.rb:162:in `start'
  /usr/lib/ruby/1.8/webrick/server.rb:162:in `start_thread'
  /usr/lib/ruby/1.8/webrick/server.rb:95:in `start'
  /usr/lib/ruby/1.8/webrick/server.rb:92:in `each'
  /usr/lib/ruby/1.8/webrick/server.rb:92:in `start'
  /usr/lib/ruby/1.8/webrick/server.rb:23:in `start'
  /usr/lib/ruby/1.8/webrick/server.rb:82:in `start'

Rendering rescues/layout (not_found)
  [4;36;1mSQL (0.1ms)[0m   [0;1mSET NAMES 'utf8'[0m
  [4;35;1mSQL (0.1ms)[0m   [0mSET SQL_AUTO_IS_NULL=0[0m


Processing ApplicationController#index (for 130.79.7.1 at 2009-12-10 14:28:43) [GET]

ActionController::RoutingError (No route matches "/account/new" with {:method=>:get}):
  /usr/lib/ruby/1.8/webrick/httpserver.rb:104:in `service'
  /usr/lib/ruby/1.8/webrick/httpserver.rb:65:in `run'
  /usr/lib/ruby/1.8/webrick/server.rb:173:in `start_thread'
  /usr/lib/ruby/1.8/webrick/server.rb:162:in `start'
  /usr/lib/ruby/1.8/webrick/server.rb:162:in `start_thread'
  /usr/lib/ruby/1.8/webrick/server.rb:95:in `start'
  /usr/lib/ruby/1.8/webrick/server.rb:92:in `each'
  /usr/lib/ruby/1.8/webrick/server.rb:92:in `start'
  /usr/lib/ruby/1.8/webrick/server.rb:23:in `start'
  /usr/lib/ruby/1.8/webrick/server.rb:82:in `start'

Rendering rescues/layout (not_found)
  [4;36;1mSQL (0.1ms)[0m   [0;1mSET NAMES 'utf8'[0m
  [4;35;1mSQL (0.1ms)[0m   [0mSET SQL_AUTO_IS_NULL=0[0m


Processing ApplicationController#index (for 130.79.7.1 at 2009-12-10 14:28:56) [GET]

ActionController::RoutingError (No route matches "/account" with {:method=>:get}):
  /usr/lib/ruby/1.8/webrick/httpserver.rb:104:in `service'
  /usr/lib/ruby/1.8/webrick/httpserver.rb:65:in `run'
  /usr/lib/ruby/1.8/webrick/server.rb:173:in `start_thread'
  /usr/lib/ruby/1.8/webrick/server.rb:162:in `start'
  /usr/lib/ruby/1.8/webrick/server.rb:162:in `start_thread'
  /usr/lib/ruby/1.8/webrick/server.rb:95:in `start'
  /usr/lib/ruby/1.8/webrick/server.rb:92:in `each'
  /usr/lib/ruby/1.8/webrick/server.rb:92:in `start'
  /usr/lib/ruby/1.8/webrick/server.rb:23:in `start'
  /usr/lib/ruby/1.8/webrick/server.rb:82:in `start'

Rendering rescues/layout (not_found)
  [4;36;1mSQL (0.1ms)[0m   [0;1mSET NAMES 'utf8'[0m
  [4;35;1mSQL (0.1ms)[0m   [0mSET SQL_AUTO_IS_NULL=0[0m


Processing ApplicationController#index (for 130.79.7.1 at 2009-12-10 14:29:07) [GET]

ActionController::RoutingError (No route matches "/account/new" with {:method=>:get}):
  /usr/lib/ruby/1.8/webrick/httpserver.rb:104:in `service'
  /usr/lib/ruby/1.8/webrick/httpserver.rb:65:in `run'
  /usr/lib/ruby/1.8/webrick/server.rb:173:in `start_thread'
  /usr/lib/ruby/1.8/webrick/server.rb:162:in `start'
  /usr/lib/ruby/1.8/webrick/server.rb:162:in `start_thread'
  /usr/lib/ruby/1.8/webrick/server.rb:95:in `start'
  /usr/lib/ruby/1.8/webrick/server.rb:92:in `each'
  /usr/lib/ruby/1.8/webrick/server.rb:92:in `start'
  /usr/lib/ruby/1.8/webrick/server.rb:23:in `start'
  /usr/lib/ruby/1.8/webrick/server.rb:82:in `start'

Rendering rescues/layout (not_found)
  [4;36;1mSQL (0.1ms)[0m   [0;1mSET NAMES 'utf8'[0m
  [4;35;1mSQL (0.1ms)[0m   [0mSET SQL_AUTO_IS_NULL=0[0m
  [4;36;1mSQL (0.3ms)[0m   [0;1mSHOW TABLES[0m
  [4;35;1mSQL (18.7ms)[0m   [0mCREATE TABLE `schema_migrations` (`version` varchar(255) NOT NULL) ENGINE=InnoDB[0m
  [4;36;1mSQL (19.8ms)[0m   [0;1mCREATE UNIQUE INDEX `unique_schema_migrations` ON `schema_migrations` (`version`)[0m
  [4;35;1mSQL (0.3ms)[0m   [0mSHOW TABLES[0m
  [4;36;1mSQL (0.3ms)[0m   [0;1mSELECT version FROM schema_migrations[0m
Migrating to CreateUsers (20091126160236)
  [4;35;1mSQL (12.1ms)[0m   [0mCREATE TABLE `users` (`id` int(11) DEFAULT NULL auto_increment PRIMARY KEY, `login` varchar(255) NOT NULL, `email` varchar(255) NOT NULL, `crypted_password` varchar(255) NOT NULL, `password_salt` varchar(255) NOT NULL, `persistence_token` varchar(255) NOT NULL, `single_access_token` varchar(255) NOT NULL, `perishable_token` varchar(255) NOT NULL, `login_count` int(11) DEFAULT 0 NOT NULL, `failed_login_count` int(11) DEFAULT 0 NOT NULL, `last_request_at` datetime, `current_login_at` datetime, `last_login_at` datetime, `current_login_ip` varchar(255), `last_login_ip` varchar(255), `created_at` datetime, `updated_at` datetime) ENGINE=InnoDB[0m
  [4;36;1mSQL (3.3ms)[0m   [0;1mINSERT INTO schema_migrations (version) VALUES ('20091126160236')[0m
Migrating to CreateMessages (20091203162510)
  [4;35;1mSQL (13.0ms)[0m   [0mCREATE TABLE `messages` (`id` int(11) DEFAULT NULL auto_increment PRIMARY KEY, `body` text, `user_agent` varchar(255), `user_id` int(11), `created_at` datetime, `updated_at` datetime) ENGINE=InnoDB[0m
  [4;36;1mSQL (0.5ms)[0m   [0;1mINSERT INTO schema_migrations (version) VALUES ('20091203162510')[0m
  [4;35;1mSQL (0.3ms)[0m   [0mSHOW TABLES[0m
  [4;36;1mSQL (0.1ms)[0m   [0;1mSELECT version FROM schema_migrations[0m
  [4;35;1mSQL (0.1ms)[0m   [0mSHOW TABLES[0m
  [4;36;1mSQL (1.0ms)[0m   [0;1mSHOW FIELDS FROM `messages`[0m
  [4;35;1mSQL (0.7ms)[0m   [0mdescribe `messages`[0m
  [4;36;1mSQL (0.2ms)[0m   [0;1mSHOW KEYS FROM `messages`[0m
  [4;35;1mSQL (1.2ms)[0m   [0mSHOW FIELDS FROM `users`[0m
  [4;36;1mSQL (1.1ms)[0m   [0;1mdescribe `users`[0m
  [4;35;1mSQL (0.2ms)[0m   [0mSHOW KEYS FROM `users`[0m
  [4;36;1mSQL (0.1ms)[0m   [0;1mSET NAMES 'utf8'[0m
  [4;35;1mSQL (0.1ms)[0m   [0mSET SQL_AUTO_IS_NULL=0[0m


Processing ApplicationController#index (for 130.79.7.1 at 2009-12-10 14:30:55) [GET]

ActionController::RoutingError (No route matches "/account/new" with {:method=>:get}):
  /usr/lib/ruby/1.8/webrick/httpserver.rb:104:in `service'
  /usr/lib/ruby/1.8/webrick/httpserver.rb:65:in `run'
  /usr/lib/ruby/1.8/webrick/server.rb:173:in `start_thread'
  /usr/lib/ruby/1.8/webrick/server.rb:162:in `start'
  /usr/lib/ruby/1.8/webrick/server.rb:162:in `start_thread'
  /usr/lib/ruby/1.8/webrick/server.rb:95:in `start'
  /usr/lib/ruby/1.8/webrick/server.rb:92:in `each'
  /usr/lib/ruby/1.8/webrick/server.rb:92:in `start'
  /usr/lib/ruby/1.8/webrick/server.rb:23:in `start'
  /usr/lib/ruby/1.8/webrick/server.rb:82:in `start'

Rendering rescues/layout (not_found)
  [4;36;1mSQL (0.1ms)[0m   [0;1mSET NAMES 'utf8'[0m
  [4;35;1mSQL (0.1ms)[0m   [0mSET SQL_AUTO_IS_NULL=0[0m


Processing ApplicationController#index (for 130.79.7.1 at 2009-12-10 14:33:16) [GET]

ActionController::RoutingError (No route matches "/account/new" with {:method=>:get}):
  /usr/lib/ruby/1.8/webrick/httpserver.rb:104:in `service'
  /usr/lib/ruby/1.8/webrick/httpserver.rb:65:in `run'
  /usr/lib/ruby/1.8/webrick/server.rb:173:in `start_thread'
  /usr/lib/ruby/1.8/webrick/server.rb:162:in `start'
  /usr/lib/ruby/1.8/webrick/server.rb:162:in `start_thread'
  /usr/lib/ruby/1.8/webrick/server.rb:95:in `start'
  /usr/lib/ruby/1.8/webrick/server.rb:92:in `each'
  /usr/lib/ruby/1.8/webrick/server.rb:92:in `start'
  /usr/lib/ruby/1.8/webrick/server.rb:23:in `start'
  /usr/lib/ruby/1.8/webrick/server.rb:82:in `start'

Rendering rescues/layout (not_found)
  [4;36;1mSQL (0.1ms)[0m   [0;1mSET NAMES 'utf8'[0m
  [4;35;1mSQL (0.1ms)[0m   [0mSET SQL_AUTO_IS_NULL=0[0m


Processing UsersController#1 (for 130.79.7.1 at 2009-12-10 14:33:23) [GET]
  Parameters: {"action"=>"1", "controller"=>"users"}

ActionController::UnknownAction (No action responded to 1. Actions: create, edit, new, show, and update):
  /usr/lib/ruby/1.8/webrick/httpserver.rb:104:in `service'
  /usr/lib/ruby/1.8/webrick/httpserver.rb:65:in `run'
  /usr/lib/ruby/1.8/webrick/server.rb:173:in `start_thread'
  /usr/lib/ruby/1.8/webrick/server.rb:162:in `start'
  /usr/lib/ruby/1.8/webrick/server.rb:162:in `start_thread'
  /usr/lib/ruby/1.8/webrick/server.rb:95:in `start'
  /usr/lib/ruby/1.8/webrick/server.rb:92:in `each'
  /usr/lib/ruby/1.8/webrick/server.rb:92:in `start'
  /usr/lib/ruby/1.8/webrick/server.rb:23:in `start'
  /usr/lib/ruby/1.8/webrick/server.rb:82:in `start'

Rendering rescues/layout (not_found)
  [4;36;1mSQL (0.1ms)[0m   [0;1mSET NAMES 'utf8'[0m
  [4;35;1mSQL (0.1ms)[0m   [0mSET SQL_AUTO_IS_NULL=0[0m


Processing ApplicationController#index (for 130.79.7.1 at 2009-12-10 14:33:42) [GET]

ActionController::RoutingError (No route matches "/account/edit" with {:method=>:get}):
  /usr/lib/ruby/1.8/webrick/httpserver.rb:104:in `service'
  /usr/lib/ruby/1.8/webrick/httpserver.rb:65:in `run'
  /usr/lib/ruby/1.8/webrick/server.rb:173:in `start_thread'
  /usr/lib/ruby/1.8/webrick/server.rb:162:in `start'
  /usr/lib/ruby/1.8/webrick/server.rb:162:in `start_thread'
  /usr/lib/ruby/1.8/webrick/server.rb:95:in `start'
  /usr/lib/ruby/1.8/webrick/server.rb:92:in `each'
  /usr/lib/ruby/1.8/webrick/server.rb:92:in `start'
  /usr/lib/ruby/1.8/webrick/server.rb:23:in `start'
  /usr/lib/ruby/1.8/webrick/server.rb:82:in `start'

Rendering rescues/layout (not_found)
  [4;36;1mSQL (0.1ms)[0m   [0;1mSET NAMES 'utf8'[0m
  [4;35;1mSQL (0.1ms)[0m   [0mSET SQL_AUTO_IS_NULL=0[0m


Processing ApplicationController#index (for 130.79.7.1 at 2009-12-10 14:38:38) [GET]

ActionController::RoutingError (No route matches "/account/edit" with {:method=>:get}):
  /usr/lib/ruby/1.8/webrick/httpserver.rb:104:in `service'
  /usr/lib/ruby/1.8/webrick/httpserver.rb:65:in `run'
  /usr/lib/ruby/1.8/webrick/server.rb:173:in `start_thread'
  /usr/lib/ruby/1.8/webrick/server.rb:162:in `start'
  /usr/lib/ruby/1.8/webrick/server.rb:162:in `start_thread'
  /usr/lib/ruby/1.8/webrick/server.rb:95:in `start'
  /usr/lib/ruby/1.8/webrick/server.rb:92:in `each'
  /usr/lib/ruby/1.8/webrick/server.rb:92:in `start'
  /usr/lib/ruby/1.8/webrick/server.rb:23:in `start'
  /usr/lib/ruby/1.8/webrick/server.rb:82:in `start'

Rendering rescues/layout (not_found)
  [4;36;1mSQL (0.1ms)[0m   [0;1mSET NAMES 'utf8'[0m
  [4;35;1mSQL (0.1ms)[0m   [0mSET SQL_AUTO_IS_NULL=0[0m


Processing UsersController#1 (for 130.79.7.1 at 2009-12-10 14:45:24) [GET]
  Parameters: {"action"=>"1", "controller"=>"users"}

ActionController::UnknownAction (No action responded to 1. Actions: create, edit, new, show, and update):
  /usr/lib/ruby/1.8/webrick/httpserver.rb:104:in `service'
  /usr/lib/ruby/1.8/webrick/httpserver.rb:65:in `run'
  /usr/lib/ruby/1.8/webrick/server.rb:173:in `start_thread'
  /usr/lib/ruby/1.8/webrick/server.rb:162:in `start'
  /usr/lib/ruby/1.8/webrick/server.rb:162:in `start_thread'
  /usr/lib/ruby/1.8/webrick/server.rb:95:in `start'
  /usr/lib/ruby/1.8/webrick/server.rb:92:in `each'
  /usr/lib/ruby/1.8/webrick/server.rb:92:in `start'
  /usr/lib/ruby/1.8/webrick/server.rb:23:in `start'
  /usr/lib/ruby/1.8/webrick/server.rb:82:in `start'

Rendering rescues/layout (not_found)
  [4;36;1mSQL (0.1ms)[0m   [0;1mSET NAMES 'utf8'[0m
  [4;35;1mSQL (0.1ms)[0m   [0mSET SQL_AUTO_IS_NULL=0[0m


Processing UsersController#show (for 130.79.7.1 at 2009-12-10 14:46:52) [GET]
  Parameters: {"action"=>"show", "id"=>"1", "controller"=>"users"}
  [4;36;1mUser Columns (1.3ms)[0m   [0;1mSHOW FIELDS FROM `users`[0m

ArgumentError (wrong number of arguments (1 for 0)):
  app/controllers/users_controller.rb:20:in `params'
  app/controllers/users_controller.rb:20:in `show'
  /usr/lib/ruby/1.8/webrick/httpserver.rb:104:in `service'
  /usr/lib/ruby/1.8/webrick/httpserver.rb:65:in `run'
  /usr/lib/ruby/1.8/webrick/server.rb:173:in `start_thread'
  /usr/lib/ruby/1.8/webrick/server.rb:162:in `start'
  /usr/lib/ruby/1.8/webrick/server.rb:162:in `start_thread'
  /usr/lib/ruby/1.8/webrick/server.rb:95:in `start'
  /usr/lib/ruby/1.8/webrick/server.rb:92:in `each'
  /usr/lib/ruby/1.8/webrick/server.rb:92:in `start'
  /usr/lib/ruby/1.8/webrick/server.rb:23:in `start'
  /usr/lib/ruby/1.8/webrick/server.rb:82:in `start'

Rendered rescues/_trace (27.1ms)
Rendered rescues/_request_and_response (1.3ms)
Rendering rescues/layout (internal_server_error)
  [4;35;1mSQL (0.1ms)[0m   [0mSET NAMES 'utf8'[0m
  [4;36;1mSQL (0.1ms)[0m   [0;1mSET SQL_AUTO_IS_NULL=0[0m


Processing UsersController#show (for 130.79.7.1 at 2009-12-10 14:47:32) [GET]
  Parameters: {"action"=>"show", "id"=>"1", "controller"=>"users"}
  [4;35;1mUser Columns (1.2ms)[0m   [0mSHOW FIELDS FROM `users`[0m
  [4;36;1mUser Load (0.3ms)[0m   [0;1mSELECT * FROM `users` WHERE (`users`.`id` = 1) [0m

ActiveRecord::RecordNotFound (Couldn't find User with ID=1):
  app/controllers/users_controller.rb:20:in `show'
  /usr/lib/ruby/1.8/webrick/httpserver.rb:104:in `service'
  /usr/lib/ruby/1.8/webrick/httpserver.rb:65:in `run'
  /usr/lib/ruby/1.8/webrick/server.rb:173:in `start_thread'
  /usr/lib/ruby/1.8/webrick/server.rb:162:in `start'
  /usr/lib/ruby/1.8/webrick/server.rb:162:in `start_thread'
  /usr/lib/ruby/1.8/webrick/server.rb:95:in `start'
  /usr/lib/ruby/1.8/webrick/server.rb:92:in `each'
  /usr/lib/ruby/1.8/webrick/server.rb:92:in `start'
  /usr/lib/ruby/1.8/webrick/server.rb:23:in `start'
  /usr/lib/ruby/1.8/webrick/server.rb:82:in `start'

Rendered rescues/_trace (79.5ms)
Rendered rescues/_request_and_response (0.3ms)
Rendering rescues/layout (not_found)
  [4;35;1mSQL (0.1ms)[0m   [0mSET NAMES 'utf8'[0m
  [4;36;1mSQL (0.1ms)[0m   [0;1mSET SQL_AUTO_IS_NULL=0[0m


Processing UsersController#show (for 130.79.7.1 at 2009-12-10 14:47:44) [GET]
  Parameters: {"action"=>"show", "id"=>"1", "controller"=>"users"}
  [4;35;1mUser Columns (1.2ms)[0m   [0mSHOW FIELDS FROM `users`[0m
  [4;36;1mUser Load (0.3ms)[0m   [0;1mSELECT * FROM `users` WHERE (`users`.`id` = 1) [0m

ActiveRecord::RecordNotFound (Couldn't find User with ID=1):
  app/controllers/users_controller.rb:20:in `show'
  /usr/lib/ruby/1.8/webrick/httpserver.rb:104:in `service'
  /usr/lib/ruby/1.8/webrick/httpserver.rb:65:in `run'
  /usr/lib/ruby/1.8/webrick/server.rb:173:in `start_thread'
  /usr/lib/ruby/1.8/webrick/server.rb:162:in `start'
  /usr/lib/ruby/1.8/webrick/server.rb:162:in `start_thread'
  /usr/lib/ruby/1.8/webrick/server.rb:95:in `start'
  /usr/lib/ruby/1.8/webrick/server.rb:92:in `each'
  /usr/lib/ruby/1.8/webrick/server.rb:92:in `start'
  /usr/lib/ruby/1.8/webrick/server.rb:23:in `start'
  /usr/lib/ruby/1.8/webrick/server.rb:82:in `start'

Rendered rescues/_trace (27.2ms)
Rendered rescues/_request_and_response (0.3ms)
Rendering rescues/layout (not_found)
  [4;35;1mSQL (0.1ms)[0m   [0mSET NAMES 'utf8'[0m
  [4;36;1mSQL (0.1ms)[0m   [0;1mSET SQL_AUTO_IS_NULL=0[0m


Processing ApplicationController#index (for 130.79.7.1 at 2009-12-10 14:47:58) [GET]

ActionController::RoutingError (No route matches "/account/new" with {:method=>:get}):
  /usr/lib/ruby/1.8/webrick/httpserver.rb:104:in `service'
  /usr/lib/ruby/1.8/webrick/httpserver.rb:65:in `run'
  /usr/lib/ruby/1.8/webrick/server.rb:173:in `start_thread'
  /usr/lib/ruby/1.8/webrick/server.rb:162:in `start'
  /usr/lib/ruby/1.8/webrick/server.rb:162:in `start_thread'
  /usr/lib/ruby/1.8/webrick/server.rb:95:in `start'
  /usr/lib/ruby/1.8/webrick/server.rb:92:in `each'
  /usr/lib/ruby/1.8/webrick/server.rb:92:in `start'
  /usr/lib/ruby/1.8/webrick/server.rb:23:in `start'
  /usr/lib/ruby/1.8/webrick/server.rb:82:in `start'

Rendering rescues/layout (not_found)
  [4;35;1mSQL (0.1ms)[0m   [0mSET NAMES 'utf8'[0m
  [4;36;1mSQL (0.1ms)[0m   [0;1mSET SQL_AUTO_IS_NULL=0[0m


Processing UsersController#show (for 130.79.7.1 at 2009-12-10 14:48:07) [GET]
  Parameters: {"action"=>"show", "id"=>"1", "controller"=>"users"}
  [4;35;1mUser Columns (1.2ms)[0m   [0mSHOW FIELDS FROM `users`[0m
  [4;36;1mUser Load (0.3ms)[0m   [0;1mSELECT * FROM `users` WHERE (`users`.`id` = 1) [0m

ActiveRecord::RecordNotFound (Couldn't find User with ID=1):
  app/controllers/users_controller.rb:20:in `show'
  /usr/lib/ruby/1.8/webrick/httpserver.rb:104:in `service'
  /usr/lib/ruby/1.8/webrick/httpserver.rb:65:in `run'
  /usr/lib/ruby/1.8/webrick/server.rb:173:in `start_thread'
  /usr/lib/ruby/1.8/webrick/server.rb:162:in `start'
  /usr/lib/ruby/1.8/webrick/server.rb:162:in `start_thread'
  /usr/lib/ruby/1.8/webrick/server.rb:95:in `start'
  /usr/lib/ruby/1.8/webrick/server.rb:92:in `each'
  /usr/lib/ruby/1.8/webrick/server.rb:92:in `start'
  /usr/lib/ruby/1.8/webrick/server.rb:23:in `start'
  /usr/lib/ruby/1.8/webrick/server.rb:82:in `start'

Rendered rescues/_trace (82.5ms)
Rendered rescues/_request_and_response (0.3ms)
Rendering rescues/layout (not_found)
  [4;35;1mSQL (0.1ms)[0m   [0mSET NAMES 'utf8'[0m
  [4;36;1mSQL (0.1ms)[0m   [0;1mSET SQL_AUTO_IS_NULL=0[0m


Processing UsersController#show (for 130.79.7.1 at 2009-12-10 14:50:45) [GET]
  Parameters: {"action"=>"show", "id"=>"1", "controller"=>"users"}
  [4;35;1mUser Columns (1.2ms)[0m   [0mSHOW FIELDS FROM `users`[0m
  [4;36;1mUser Load (0.3ms)[0m   [0;1mSELECT * FROM `users` WHERE (`users`.`id` = 1) [0m

ActiveRecord::RecordNotFound (Couldn't find User with ID=1):
  app/controllers/users_controller.rb:20:in `show'
  /usr/lib/ruby/1.8/webrick/httpserver.rb:104:in `service'
  /usr/lib/ruby/1.8/webrick/httpserver.rb:65:in `run'
  /usr/lib/ruby/1.8/webrick/server.rb:173:in `start_thread'
  /usr/lib/ruby/1.8/webrick/server.rb:162:in `start'
  /usr/lib/ruby/1.8/webrick/server.rb:162:in `start_thread'
  /usr/lib/ruby/1.8/webrick/server.rb:95:in `start'
  /usr/lib/ruby/1.8/webrick/server.rb:92:in `each'
  /usr/lib/ruby/1.8/webrick/server.rb:92:in `start'
  /usr/lib/ruby/1.8/webrick/server.rb:23:in `start'
  /usr/lib/ruby/1.8/webrick/server.rb:82:in `start'

Rendered rescues/_trace (26.8ms)
Rendered rescues/_request_and_response (0.3ms)
Rendering rescues/layout (not_found)
  [4;35;1mSQL (0.1ms)[0m   [0mSET NAMES 'utf8'[0m
  [4;36;1mSQL (0.1ms)[0m   [0;1mSET SQL_AUTO_IS_NULL=0[0m


Processing ApplicationController#index (for 130.79.7.1 at 2009-12-10 14:51:12) [GET]

ActionController::RoutingError (No route matches "/account/new" with {:method=>:get}):
  /usr/lib/ruby/1.8/webrick/httpserver.rb:104:in `service'
  /usr/lib/ruby/1.8/webrick/httpserver.rb:65:in `run'
  /usr/lib/ruby/1.8/webrick/server.rb:173:in `start_thread'
  /usr/lib/ruby/1.8/webrick/server.rb:162:in `start'
  /usr/lib/ruby/1.8/webrick/server.rb:162:in `start_thread'
  /usr/lib/ruby/1.8/webrick/server.rb:95:in `start'
  /usr/lib/ruby/1.8/webrick/server.rb:92:in `each'
  /usr/lib/ruby/1.8/webrick/server.rb:92:in `start'
  /usr/lib/ruby/1.8/webrick/server.rb:23:in `start'
  /usr/lib/ruby/1.8/webrick/server.rb:82:in `start'

Rendering rescues/layout (not_found)
  [4;35;1mSQL (0.1ms)[0m   [0mSET NAMES 'utf8'[0m
  [4;36;1mSQL (0.1ms)[0m   [0;1mSET SQL_AUTO_IS_NULL=0[0m


Processing UsersController#new (for 130.79.7.1 at 2009-12-10 14:51:46) [GET]
  Parameters: {"action"=>"new", "controller"=>"users"}
  [4;35;1mUser Columns (1.2ms)[0m   [0mSHOW FIELDS FROM `users`[0m
Rendering users/new
Rendered users/_form (53.5ms)
Completed in 2057ms (View: 1671, DB: 1) | 200 OK [http://codd.u-strasbg.fr/account/new]
  [4;36;1mSQL (0.1ms)[0m   [0;1mSET NAMES 'utf8'[0m
  [4;35;1mSQL (0.1ms)[0m   [0mSET SQL_AUTO_IS_NULL=0[0m


Processing UsersController#show (for 130.79.7.1 at 2009-12-10 14:51:57) [GET]
  Parameters: {"action"=>"show", "id"=>"1", "controller"=>"users"}
  [4;36;1mUser Columns (1.2ms)[0m   [0;1mSHOW FIELDS FROM `users`[0m
  [4;35;1mUser Load (0.3ms)[0m   [0mSELECT * FROM `users` WHERE (`users`.`id` = 1) [0m

ActiveRecord::RecordNotFound (Couldn't find User with ID=1):
  app/controllers/users_controller.rb:20:in `show'
  /usr/lib/ruby/1.8/webrick/httpserver.rb:104:in `service'
  /usr/lib/ruby/1.8/webrick/httpserver.rb:65:in `run'
  /usr/lib/ruby/1.8/webrick/server.rb:173:in `start_thread'
  /usr/lib/ruby/1.8/webrick/server.rb:162:in `start'
  /usr/lib/ruby/1.8/webrick/server.rb:162:in `start_thread'
  /usr/lib/ruby/1.8/webrick/server.rb:95:in `start'
  /usr/lib/ruby/1.8/webrick/server.rb:92:in `each'
  /usr/lib/ruby/1.8/webrick/server.rb:92:in `start'
  /usr/lib/ruby/1.8/webrick/server.rb:23:in `start'
  /usr/lib/ruby/1.8/webrick/server.rb:82:in `start'

Rendered rescues/_trace (27.1ms)
Rendered rescues/_request_and_response (0.3ms)
Rendering rescues/layout (not_found)
  [4;36;1mSQL (0.1ms)[0m   [0;1mSET NAMES 'utf8'[0m
  [4;35;1mSQL (0.1ms)[0m   [0mSET SQL_AUTO_IS_NULL=0[0m


Processing UsersController#new (for 130.79.7.1 at 2009-12-10 14:52:04) [GET]
  Parameters: {"action"=>"new", "controller"=>"users"}
  [4;36;1mUser Columns (1.2ms)[0m   [0;1mSHOW FIELDS FROM `users`[0m
Rendering users/new
Rendered users/_form (8.8ms)
Completed in 115ms (View: 68, DB: 1) | 200 OK [http://codd.u-strasbg.fr/account/new]
  [4;35;1mSQL (0.1ms)[0m   [0mSET NAMES 'utf8'[0m
  [4;36;1mSQL (0.1ms)[0m   [0;1mSET SQL_AUTO_IS_NULL=0[0m


Processing UsersController#create (for 130.79.7.1 at 2009-12-10 14:52:21) [POST]
  Parameters: {"commit"=>"Register", "action"=>"create", "authenticity_token"=>"+ufMvsETHkNg1OOg5jy1eUk2a9XA7MmlFWEDz6Kf+p0=", "controller"=>"users", "user"=>{"password_confirmation"=>"[FILTERED]", "password"=>"[FILTERED]", "login"=>"angus", "email"=>"ncronimus@coop-alsace.fr"}}
  [4;35;1mUser Columns (1.2ms)[0m   [0mSHOW FIELDS FROM `users`[0m
  [4;36;1mSQL (0.1ms)[0m   [0;1mBEGIN[0m
  [4;35;1mUser Load (0.3ms)[0m   [0mSELECT `users`.id FROM `users` WHERE (LOWER(`users`.`email`) = BINARY 'ncronimus@coop-alsace.fr') LIMIT 1[0m
  [4;36;1mUser Load (0.1ms)[0m   [0;1mSELECT `users`.id FROM `users` WHERE (LOWER(`users`.`login`) = BINARY 'angus') LIMIT 1[0m
  [4;35;1mUser Load (0.1ms)[0m   [0mSELECT `users`.id FROM `users` WHERE (`users`.`persistence_token` = BINARY 'c34c91472f22cd8138884d967ccfadc7a1874c9aaab3189f589f6a0fb3ac993a4024d7612b207de13ce68c34aa06df10d428fd2e587256a128cec71c1b1d7416') LIMIT 1[0m
  [4;36;1mUser Load (0.1ms)[0m   [0;1mSELECT `users`.id FROM `users` WHERE (`users`.`single_access_token` = BINARY 'YLWPufrW-A0qiPYcWrxj') LIMIT 1[0m
  [4;35;1mUser Create (0.4ms)[0m   [0mINSERT INTO `users` (`single_access_token`, `last_request_at`, `created_at`, `crypted_password`, `perishable_token`, `updated_at`, `failed_login_count`, `current_login_ip`, `password_salt`, `current_login_at`, `persistence_token`, `login_count`, `last_login_ip`, `login`, `last_login_at`, `email`) VALUES('YLWPufrW-A0qiPYcWrxj', '2009-12-10 13:52:22', '2009-12-10 13:52:22', '64b63ab60b59855f32d90b7e2f2fbd967d0e87ea04639ee23f0560f00fe447270649eabb826629b517f97fb3e2b171506cc4e7dcaf9d01646d26e0123e074f27', 'Hi3tJFeg8xDKEviZCNeB', '2009-12-10 13:52:22', 0, '130.79.7.1', 'sv-xb0JLQjMQqEwgwie4', '2009-12-10 13:52:21', 'c34c91472f22cd8138884d967ccfadc7a1874c9aaab3189f589f6a0fb3ac993a4024d7612b207de13ce68c34aa06df10d428fd2e587256a128cec71c1b1d7416', 1, NULL, 'angus', NULL, 'ncronimus@coop-alsace.fr')[0m
  [4;36;1mSQL (0.5ms)[0m   [0;1mCOMMIT[0m
Redirected to http://codd.u-strasbg.fr:3055/account
Completed in 1424ms (DB: 3) | 302 Found [http://codd.u-strasbg.fr/account]
  [4;35;1mSQL (0.1ms)[0m   [0mSET NAMES 'utf8'[0m
  [4;36;1mSQL (0.1ms)[0m   [0;1mSET SQL_AUTO_IS_NULL=0[0m


Processing UsersController#show (for 130.79.7.1 at 2009-12-10 14:52:22) [GET]
  Parameters: {"action"=>"show", "controller"=>"users"}
  [4;35;1mUser Columns (1.2ms)[0m   [0mSHOW FIELDS FROM `users`[0m

ActiveRecord::RecordNotFound (Couldn't find User without an ID):
  app/controllers/users_controller.rb:20:in `show'
  /usr/lib/ruby/1.8/webrick/httpserver.rb:104:in `service'
  /usr/lib/ruby/1.8/webrick/httpserver.rb:65:in `run'
  /usr/lib/ruby/1.8/webrick/server.rb:173:in `start_thread'
  /usr/lib/ruby/1.8/webrick/server.rb:162:in `start'
  /usr/lib/ruby/1.8/webrick/server.rb:162:in `start_thread'
  /usr/lib/ruby/1.8/webrick/server.rb:95:in `start'
  /usr/lib/ruby/1.8/webrick/server.rb:92:in `each'
  /usr/lib/ruby/1.8/webrick/server.rb:92:in `start'
  /usr/lib/ruby/1.8/webrick/server.rb:23:in `start'
  /usr/lib/ruby/1.8/webrick/server.rb:82:in `start'

Rendered rescues/_trace (27.5ms)
Rendered rescues/_request_and_response (0.3ms)
Rendering rescues/layout (not_found)
  [4;36;1mSQL (0.1ms)[0m   [0;1mSET NAMES 'utf8'[0m
  [4;35;1mSQL (0.1ms)[0m   [0mSET SQL_AUTO_IS_NULL=0[0m


Processing UsersController#show (for 130.79.7.1 at 2009-12-10 14:53:41) [GET]
  Parameters: {"action"=>"show", "id"=>"1", "controller"=>"users"}
  [4;36;1mUser Columns (1.2ms)[0m   [0;1mSHOW FIELDS FROM `users`[0m
  [4;35;1mUser Load (0.4ms)[0m   [0mSELECT * FROM `users` WHERE (`users`.`id` = 1) [0m
Rendering users/show
Completed in 421ms (View: 37, DB: 2) | 200 OK [http://codd.u-strasbg.fr/users/1]
  [4;36;1mSQL (0.1ms)[0m   [0;1mSET NAMES 'utf8'[0m
  [4;35;1mSQL (0.1ms)[0m   [0mSET SQL_AUTO_IS_NULL=0[0m


Processing UsersController#show (for 130.79.7.1 at 2009-12-10 14:53:48) [GET]
  Parameters: {"action"=>"show", "id"=>"2", "controller"=>"users"}
  [4;36;1mUser Columns (1.2ms)[0m   [0;1mSHOW FIELDS FROM `users`[0m
  [4;35;1mUser Load (0.3ms)[0m   [0mSELECT * FROM `users` WHERE (`users`.`id` = 2) [0m

ActiveRecord::RecordNotFound (Couldn't find User with ID=2):
  app/controllers/users_controller.rb:20:in `show'
  /usr/lib/ruby/1.8/webrick/httpserver.rb:104:in `service'
  /usr/lib/ruby/1.8/webrick/httpserver.rb:65:in `run'
  /usr/lib/ruby/1.8/webrick/server.rb:173:in `start_thread'
  /usr/lib/ruby/1.8/webrick/server.rb:162:in `start'
  /usr/lib/ruby/1.8/webrick/server.rb:162:in `start_thread'
  /usr/lib/ruby/1.8/webrick/server.rb:95:in `start'
  /usr/lib/ruby/1.8/webrick/server.rb:92:in `each'
  /usr/lib/ruby/1.8/webrick/server.rb:92:in `start'
  /usr/lib/ruby/1.8/webrick/server.rb:23:in `start'
  /usr/lib/ruby/1.8/webrick/server.rb:82:in `start'

Rendered rescues/_trace (109.1ms)
Rendered rescues/_request_and_response (0.3ms)
Rendering rescues/layout (not_found)
  [4;36;1mSQL (0.1ms)[0m   [0;1mSET NAMES 'utf8'[0m
  [4;35;1mSQL (0.1ms)[0m   [0mSET SQL_AUTO_IS_NULL=0[0m


Processing UsersController#show (for 130.79.7.1 at 2009-12-10 14:53:53) [GET]
  Parameters: {"action"=>"show", "id"=>"1", "controller"=>"users"}
  [4;36;1mUser Columns (1.2ms)[0m   [0;1mSHOW FIELDS FROM `users`[0m
  [4;35;1mUser Load (0.3ms)[0m   [0mSELECT * FROM `users` WHERE (`users`.`id` = 1) [0m
Rendering users/show
Completed in 60ms (View: 6, DB: 2) | 200 OK [http://codd.u-strasbg.fr/users/1]
  [4;36;1mSQL (0.1ms)[0m   [0;1mSET NAMES 'utf8'[0m
  [4;35;1mSQL (0.1ms)[0m   [0mSET SQL_AUTO_IS_NULL=0[0m


Processing UsersController#new (for 130.79.7.1 at 2009-12-10 14:54:01) [GET]
  Parameters: {"action"=>"new", "controller"=>"users"}
  [4;36;1mUser Columns (1.2ms)[0m   [0;1mSHOW FIELDS FROM `users`[0m
Rendering users/new
Rendered users/_form (1.7ms)
Completed in 232ms (View: 62, DB: 1) | 200 OK [http://codd.u-strasbg.fr/account/new]
  [4;36;1mSQL (0.1ms)[0m   [0;1mSET NAMES 'utf8'[0m
  [4;35;1mSQL (0.1ms)[0m   [0mSET SQL_AUTO_IS_NULL=0[0m
  [4;36;1mUser Columns (1.2ms)[0m   [0;1mSHOW FIELDS FROM `users`[0m
  [4;35;1mUser Load (0.3ms)[0m   [0mSELECT * FROM `users` [0m
  [4;36;1mSQL (0.1ms)[0m   [0;1mSET NAMES 'utf8'[0m
  [4;35;1mSQL (0.1ms)[0m   [0mSET SQL_AUTO_IS_NULL=0[0m


Processing UsersController#create (for 130.79.7.1 at 2009-12-10 14:57:52) [POST]
  Parameters: {"commit"=>"Register", "action"=>"create", "authenticity_token"=>"+ufMvsETHkNg1OOg5jy1eUk2a9XA7MmlFWEDz6Kf+p0=", "controller"=>"users", "user"=>{"password_confirmation"=>"[FILTERED]", "password"=>"[FILTERED]", "login"=>"croni67", "email"=>"cronimus.nicolas@orange.fr"}}
  [4;36;1mUser Columns (1.3ms)[0m   [0;1mSHOW FIELDS FROM `users`[0m
  [4;35;1mSQL (0.1ms)[0m   [0mBEGIN[0m
  [4;36;1mUser Load (0.4ms)[0m   [0;1mSELECT `users`.id FROM `users` WHERE (LOWER(`users`.`email`) = BINARY 'cronimus.nicolas@orange.fr') LIMIT 1[0m
  [4;35;1mUser Load (0.1ms)[0m   [0mSELECT `users`.id FROM `users` WHERE (LOWER(`users`.`login`) = BINARY 'croni67') LIMIT 1[0m
  [4;36;1mUser Load (0.1ms)[0m   [0;1mSELECT `users`.id FROM `users` WHERE (`users`.`persistence_token` = BINARY '3a2799e914c01bdd557415c7a752dfc00974b243239425cd199a53d1d96870f1de310753854b97b6a36d77a7d0c25e91dc0ac9cb6211fe73c372c00d9dddf051') LIMIT 1[0m
  [4;35;1mUser Load (0.2ms)[0m   [0mSELECT `users`.id FROM `users` WHERE (`users`.`single_access_token` = BINARY 'XyLKummpC-lfXgPK6zcP') LIMIT 1[0m
  [4;36;1mUser Load (0.4ms)[0m   [0;1mSELECT * FROM `users` WHERE (`users`.`persistence_token` = 'c34c91472f22cd8138884d967ccfadc7a1874c9aaab3189f589f6a0fb3ac993a4024d7612b207de13ce68c34aa06df10d428fd2e587256a128cec71c1b1d7416') LIMIT 1[0m
  [4;35;1mUser Update (0.5ms)[0m   [0mUPDATE `users` SET `updated_at` = '2009-12-10 13:57:52', `perishable_token` = 'PiV1QuJ7C6BWG35gkGm_', `last_request_at` = '2009-12-10 13:57:52' WHERE `id` = 1[0m
  [4;36;1mUser Create (0.3ms)[0m   [0;1mINSERT INTO `users` (`single_access_token`, `last_request_at`, `created_at`, `crypted_password`, `perishable_token`, `updated_at`, `failed_login_count`, `current_login_ip`, `password_salt`, `current_login_at`, `persistence_token`, `login_count`, `last_login_ip`, `login`, `last_login_at`, `email`) VALUES('XyLKummpC-lfXgPK6zcP', NULL, '2009-12-10 13:57:52', '72066a70814fdce1ea7011560d31daf6adf6d30b7096d8a91fad41e015077a33058f7aaa87caebe0418e554f9fbe8f559920a580309a85d7b3faf109f96e237d', 'sUN-v_kUiVSvpp2_wZS9', '2009-12-10 13:57:52', 0, NULL, 'o-b9HTEeWgBE-nQfIC2t', NULL, '3a2799e914c01bdd557415c7a752dfc00974b243239425cd199a53d1d96870f1de310753854b97b6a36d77a7d0c25e91dc0ac9cb6211fe73c372c00d9dddf051', 0, NULL, 'croni67', NULL, 'cronimus.nicolas@orange.fr')[0m
  [4;35;1mSQL (23.7ms)[0m   [0mCOMMIT[0m
Redirected to http://codd.u-strasbg.fr:3055/account
Completed in 820ms (DB: 27) | 302 Found [http://codd.u-strasbg.fr/account]
  [4;36;1mSQL (0.1ms)[0m   [0;1mSET NAMES 'utf8'[0m
  [4;35;1mSQL (0.0ms)[0m   [0mSET SQL_AUTO_IS_NULL=0[0m


Processing UsersController#show (for 130.79.7.1 at 2009-12-10 14:57:53) [GET]
  Parameters: {"action"=>"show", "controller"=>"users"}
  [4;36;1mUser Columns (1.4ms)[0m   [0;1mSHOW FIELDS FROM `users`[0m

ActiveRecord::RecordNotFound (Couldn't find User without an ID):
  app/controllers/users_controller.rb:20:in `show'
  /usr/lib/ruby/1.8/webrick/httpserver.rb:104:in `service'
  /usr/lib/ruby/1.8/webrick/httpserver.rb:65:in `run'
  /usr/lib/ruby/1.8/webrick/server.rb:173:in `start_thread'
  /usr/lib/ruby/1.8/webrick/server.rb:162:in `start'
  /usr/lib/ruby/1.8/webrick/server.rb:162:in `start_thread'
  /usr/lib/ruby/1.8/webrick/server.rb:95:in `start'
  /usr/lib/ruby/1.8/webrick/server.rb:92:in `each'
  /usr/lib/ruby/1.8/webrick/server.rb:92:in `start'
  /usr/lib/ruby/1.8/webrick/server.rb:23:in `start'
  /usr/lib/ruby/1.8/webrick/server.rb:82:in `start'

Rendered rescues/_trace (27.5ms)
Rendered rescues/_request_and_response (1.3ms)
Rendering rescues/layout (not_found)
  [4;35;1mSQL (0.1ms)[0m   [0mSET NAMES 'utf8'[0m
  [4;36;1mSQL (0.1ms)[0m   [0;1mSET SQL_AUTO_IS_NULL=0[0m


Processing UsersController#show (for 130.79.7.1 at 2009-12-10 14:58:00) [GET]
  Parameters: {"action"=>"show", "id"=>"1", "controller"=>"users"}
  [4;35;1mUser Columns (1.2ms)[0m   [0mSHOW FIELDS FROM `users`[0m
  [4;36;1mUser Load (0.4ms)[0m   [0;1mSELECT * FROM `users` WHERE (`users`.`id` = 1) [0m
Rendering users/show
Completed in 269ms (View: 179, DB: 2) | 200 OK [http://codd.u-strasbg.fr/users/1]
  [4;35;1mSQL (0.1ms)[0m   [0mSET NAMES 'utf8'[0m
  [4;36;1mSQL (0.1ms)[0m   [0;1mSET SQL_AUTO_IS_NULL=0[0m


Processing UsersController#new (for 130.79.7.1 at 2009-12-10 14:58:06) [GET]
  Parameters: {"action"=>"new", "controller"=>"users"}
  [4;35;1mUser Columns (1.3ms)[0m   [0mSHOW FIELDS FROM `users`[0m
Rendering users/new
Rendered users/_form (14.1ms)
Completed in 54ms (View: 29, DB: 1) | 200 OK [http://codd.u-strasbg.fr/account/new]
  [4;36;1mSQL (0.1ms)[0m   [0;1mSET NAMES 'utf8'[0m
  [4;35;1mSQL (0.1ms)[0m   [0mSET SQL_AUTO_IS_NULL=0[0m


Processing UsersController#create (for 130.79.7.1 at 2009-12-10 14:58:23) [POST]
  Parameters: {"commit"=>"Register", "action"=>"create", "authenticity_token"=>"+ufMvsETHkNg1OOg5jy1eUk2a9XA7MmlFWEDz6Kf+p0=", "controller"=>"users", "user"=>{"password_confirmation"=>"[FILTERED]", "password"=>"[FILTERED]", "login"=>"croni67", "email"=>"cronimus.nicolas@orange.fr"}}
  [4;36;1mUser Columns (1.2ms)[0m   [0;1mSHOW FIELDS FROM `users`[0m
  [4;35;1mSQL (0.1ms)[0m   [0mBEGIN[0m
  [4;36;1mUser Load (0.2ms)[0m   [0;1mSELECT `users`.id FROM `users` WHERE (LOWER(`users`.`email`) = BINARY 'cronimus.nicolas@orange.fr') LIMIT 1[0m
  [4;35;1mUser Load (0.1ms)[0m   [0mSELECT `users`.id FROM `users` WHERE (LOWER(`users`.`login`) = BINARY 'croni67') LIMIT 1[0m
  [4;36;1mUser Load (0.1ms)[0m   [0;1mSELECT `users`.id FROM `users` WHERE (`users`.`persistence_token` = BINARY '592c87b8ceba6ccb12d4aca9e5060321a7721b60bd669721fe33d1a64c560204d4a69d3e5ca69f64aff75707a442801d162c07e34583ac6d17c4e06b6757d900') LIMIT 1[0m
  [4;35;1mUser Load (0.1ms)[0m   [0mSELECT `users`.id FROM `users` WHERE (`users`.`single_access_token` = BINARY '567f0I3455lfa4TdcuAe') LIMIT 1[0m
  [4;36;1mSQL (0.1ms)[0m   [0;1mROLLBACK[0m
Rendering users/new
Rendered users/_form (3.9ms)
Completed in 37ms (View: 10, DB: 2) | 200 OK [http://codd.u-strasbg.fr/account]
  [4;35;1mSQL (0.1ms)[0m   [0mSET NAMES 'utf8'[0m
  [4;36;1mSQL (0.1ms)[0m   [0;1mSET SQL_AUTO_IS_NULL=0[0m


Processing UsersController#show (for 130.79.7.1 at 2009-12-10 14:58:38) [GET]
  Parameters: {"action"=>"show", "id"=>"2", "controller"=>"users"}
  [4;35;1mUser Columns (1.2ms)[0m   [0mSHOW FIELDS FROM `users`[0m
  [4;36;1mUser Load (0.3ms)[0m   [0;1mSELECT * FROM `users` WHERE (`users`.`id` = 2) [0m
Rendering users/show
Completed in 54ms (View: 6, DB: 2) | 200 OK [http://codd.u-strasbg.fr/users/2]
  [4;35;1mSQL (0.1ms)[0m   [0mSET NAMES 'utf8'[0m
  [4;36;1mSQL (0.1ms)[0m   [0;1mSET SQL_AUTO_IS_NULL=0[0m


Processing UsersController#show (for 130.79.7.1 at 2009-12-10 14:58:53) [GET]
  Parameters: {"action"=>"show", "id"=>"1", "controller"=>"users"}
  [4;35;1mUser Columns (1.2ms)[0m   [0mSHOW FIELDS FROM `users`[0m
  [4;36;1mUser Load (0.3ms)[0m   [0;1mSELECT * FROM `users` WHERE (`users`.`id` = 1) [0m
Rendering users/show
Completed in 127ms (View: 6, DB: 2) | 200 OK [http://codd.u-strasbg.fr/users/1]
  [4;35;1mSQL (0.1ms)[0m   [0mSET NAMES 'utf8'[0m
  [4;36;1mSQL (0.1ms)[0m   [0;1mSET SQL_AUTO_IS_NULL=0[0m


Processing UsersController#new (for 130.79.7.1 at 2009-12-10 15:00:30) [GET]
  Parameters: {"action"=>"new", "controller"=>"users"}
  [4;35;1mUser Columns (1.2ms)[0m   [0mSHOW FIELDS FROM `users`[0m
Rendering users/new
Rendered users/_form (1.7ms)
Completed in 88ms (View: 10, DB: 1) | 200 OK [http://codd.u-strasbg.fr/account/new]
  [4;36;1mSQL (0.1ms)[0m   [0;1mSET NAMES 'utf8'[0m
  [4;35;1mSQL (0.1ms)[0m   [0mSET SQL_AUTO_IS_NULL=0[0m


Processing UsersController#create (for 130.79.7.1 at 2009-12-10 15:01:06) [POST]
  Parameters: {"commit"=>"Register", "action"=>"create", "authenticity_token"=>"Arzg8WkVm2KBikpUN/qZWzazqC8WpgmMQ3XViGXxEwg=", "controller"=>"users", "user"=>{"password_confirmation"=>"[FILTERED]", "password"=>"[FILTERED]", "login"=>"veutunebaguette", "email"=>"toto@boucherie.com"}}
  [4;36;1mUser Columns (1.5ms)[0m   [0;1mSHOW FIELDS FROM `users`[0m
  [4;35;1mSQL (0.1ms)[0m   [0mBEGIN[0m
  [4;36;1mUser Load (0.3ms)[0m   [0;1mSELECT `users`.id FROM `users` WHERE (LOWER(`users`.`email`) = BINARY 'toto@boucherie.com') LIMIT 1[0m
  [4;35;1mUser Load (0.1ms)[0m   [0mSELECT `users`.id FROM `users` WHERE (LOWER(`users`.`login`) = BINARY 'veutunebaguette') LIMIT 1[0m
  [4;36;1mUser Load (0.2ms)[0m   [0;1mSELECT `users`.id FROM `users` WHERE (`users`.`persistence_token` = BINARY 'adff5826af4b7e6d89a6ef49140ca31b78af0811e188e64399eea3011677c409280c04d849bfea11886913ed4cb6aeaa99a4ebdd90c5005eb71c65532581a23e') LIMIT 1[0m
  [4;35;1mUser Load (0.1ms)[0m   [0mSELECT `users`.id FROM `users` WHERE (`users`.`single_access_token` = BINARY 'OStj_6gyBy_beoPpJ-k2') LIMIT 1[0m
  [4;36;1mUser Load (0.3ms)[0m   [0;1mSELECT * FROM `users` WHERE (`users`.`id` = '1') LIMIT 1[0m
  [4;35;1mUser Create (0.3ms)[0m   [0mINSERT INTO `users` (`single_access_token`, `last_request_at`, `created_at`, `crypted_password`, `perishable_token`, `updated_at`, `failed_login_count`, `current_login_ip`, `password_salt`, `current_login_at`, `persistence_token`, `login_count`, `last_login_ip`, `login`, `last_login_at`, `email`) VALUES('OStj_6gyBy_beoPpJ-k2', '2009-12-10 14:01:06', '2009-12-10 14:01:06', 'c3a600bae627732ca9b715147d68f3503aaafa6c68c7a7b8be345f29452fc7b8d4e1f9054d2ac670e1f3df081be053534d3f2d15794636e1455cd85a3882bc68', 'HuxWRGIIkJwKaTl0RW9x', '2009-12-10 14:01:06', 0, '130.79.7.1', 'BVQY5zqdvgc6j6L32RXl', '2009-12-10 14:01:06', 'adff5826af4b7e6d89a6ef49140ca31b78af0811e188e64399eea3011677c409280c04d849bfea11886913ed4cb6aeaa99a4ebdd90c5005eb71c65532581a23e', 1, NULL, 'veutunebaguette', NULL, 'toto@boucherie.com')[0m
  [4;36;1mSQL (0.6ms)[0m   [0;1mCOMMIT[0m
Redirected to http://codd.u-strasbg.fr:3055/account
Completed in 44ms (DB: 4) | 302 Found [http://codd.u-strasbg.fr/account]
  [4;35;1mSQL (0.1ms)[0m   [0mSET NAMES 'utf8'[0m
  [4;36;1mSQL (0.1ms)[0m   [0;1mSET SQL_AUTO_IS_NULL=0[0m


Processing UsersController#show (for 130.79.7.1 at 2009-12-10 15:01:07) [GET]
  Parameters: {"action"=>"show", "controller"=>"users"}
  [4;35;1mUser Columns (1.2ms)[0m   [0mSHOW FIELDS FROM `users`[0m

ActiveRecord::RecordNotFound (Couldn't find User without an ID):
  app/controllers/users_controller.rb:20:in `show'
  /usr/lib/ruby/1.8/webrick/httpserver.rb:104:in `service'
  /usr/lib/ruby/1.8/webrick/httpserver.rb:65:in `run'
  /usr/lib/ruby/1.8/webrick/server.rb:173:in `start_thread'
  /usr/lib/ruby/1.8/webrick/server.rb:162:in `start'
  /usr/lib/ruby/1.8/webrick/server.rb:162:in `start_thread'
  /usr/lib/ruby/1.8/webrick/server.rb:95:in `start'
  /usr/lib/ruby/1.8/webrick/server.rb:92:in `each'
  /usr/lib/ruby/1.8/webrick/server.rb:92:in `start'
  /usr/lib/ruby/1.8/webrick/server.rb:23:in `start'
  /usr/lib/ruby/1.8/webrick/server.rb:82:in `start'

Rendered rescues/_trace (26.5ms)
Rendered rescues/_request_and_response (0.3ms)
Rendering rescues/layout (not_found)
  [4;36;1mSQL (0.1ms)[0m   [0;1mSET NAMES 'utf8'[0m
  [4;35;1mSQL (0.1ms)[0m   [0mSET SQL_AUTO_IS_NULL=0[0m


Processing UsersController#show (for 130.79.7.1 at 2009-12-10 15:01:16) [GET]
  Parameters: {"action"=>"show", "id"=>"3", "controller"=>"users"}
  [4;36;1mUser Columns (1.2ms)[0m   [0;1mSHOW FIELDS FROM `users`[0m
  [4;35;1mUser Load (0.3ms)[0m   [0mSELECT * FROM `users` WHERE (`users`.`id` = 3) [0m
Rendering users/show
Completed in 64ms (View: 10, DB: 2) | 200 OK [http://codd.u-strasbg.fr/users/3]
  [4;36;1mSQL (0.1ms)[0m   [0;1mSET NAMES 'utf8'[0m
  [4;35;1mSQL (0.1ms)[0m   [0mSET SQL_AUTO_IS_NULL=0[0m


Processing UsersController#show (for 130.79.7.1 at 2009-12-10 15:13:30) [GET]
  Parameters: {"action"=>"show", "id"=>"3", "controller"=>"users"}
  [4;36;1mUser Columns (1.2ms)[0m   [0;1mSHOW FIELDS FROM `users`[0m
  [4;35;1mUser Load (0.3ms)[0m   [0mSELECT * FROM `users` WHERE (`users`.`id` = 3) [0m
Rendering users/show
Completed in 185ms (View: 9, DB: 2) | 200 OK [http://codd.u-strasbg.fr/users/3]
  [4;36;1mSQL (0.1ms)[0m   [0;1mSET NAMES 'utf8'[0m
  [4;35;1mSQL (0.1ms)[0m   [0mSET SQL_AUTO_IS_NULL=0[0m


Processing UsersController#show (for 130.79.7.1 at 2009-12-10 15:13:35) [GET]
  Parameters: {"action"=>"show", "id"=>"1", "controller"=>"users"}
  [4;36;1mUser Columns (1.2ms)[0m   [0;1mSHOW FIELDS FROM `users`[0m
  [4;35;1mUser Load (0.3ms)[0m   [0mSELECT * FROM `users` WHERE (`users`.`id` = 1) [0m
Rendering users/show
Completed in 172ms (View: 12, DB: 2) | 200 OK [http://codd.u-strasbg.fr/users/1]
  [4;36;1mSQL (0.1ms)[0m   [0;1mSET NAMES 'utf8'[0m
  [4;35;1mSQL (0.1ms)[0m   [0mSET SQL_AUTO_IS_NULL=0[0m
  [4;36;1mSQL (0.3ms)[0m   [0;1mSHOW TABLES[0m
  [4;35;1mSQL (0.2ms)[0m   [0mSELECT version FROM schema_migrations[0m
Migrating to CreateUsers (20091126160236)
Migrating to CreateMessages (20091210144544)
  [4;36;1mSQL (0.0ms)[0m   [0;1mMysql::Error: Table 'messages' already exists: CREATE TABLE `messages` (`id` int(11) DEFAULT NULL auto_increment PRIMARY KEY, `body` varchar(255), `user_agent` varchar(255), `user_id` int(11), `created_at` datetime, `updated_at` datetime) ENGINE=InnoDB[0m
